#
# There is insufficient memory for the Java Runtime Environment to continue.
# Native memory allocation (malloc) failed to allocate 255280 bytes for Chunk::new
# Possible reasons:
#   The system is out of physical RAM or swap space
#   In 32 bit mode, the process size limit was hit
# Possible solutions:
#   Reduce memory load on the system
#   Increase physical memory or swap space
#   Check if swap backing store is full
#   Use 64 bit Java on a 64 bit OS
#   Decrease Java heap size (-Xmx/-Xms)
#   Decrease number of Java threads
#   Decrease Java thread stack sizes (-Xss)
#   Set larger code cache with -XX:ReservedCodeCacheSize=
# This output file may be truncated or incomplete.
#
#  Out of Memory Error (allocation.cpp:328), pid=3632, tid=3952
#
# JRE version: 7.0_25-b17
# Java VM: Java HotSpot(TM) 64-Bit Server VM (23.25-b01 mixed mode windows-amd64 compressed oops)
# Failed to write core dump. 
#

---------------  T H R E A D  ---------------

Current thread (0x0000000008520000):  JavaThread "C2 CompilerThread1" daemon [_thread_in_native, id=3952, stack(0x000000000a170000,0x000000000a270000)]

Stack: [0x000000000a170000,0x000000000a270000]

Current CompileTask:
C2:   8116  729   !         sun.nio.cs.StreamDecoder::read (196 bytes)


---------------  P R O C E S S  ---------------

Java Threads: ( => current thread )
  0x0000000008528800 JavaThread "Service Thread" daemon [_thread_blocked, id=352, stack(0x0000000009b70000,0x0000000009c70000)]
=>0x0000000008520000 JavaThread "C2 CompilerThread1" daemon [_thread_in_native, id=3952, stack(0x000000000a170000,0x000000000a270000)]
  0x000000000851b800 JavaThread "C2 CompilerThread0" daemon [_thread_blocked, id=3020, stack(0x000000000a060000,0x000000000a160000)]
  0x000000000850d000 JavaThread "JDWP Command Reader" daemon [_thread_in_native, id=5000, stack(0x0000000009e10000,0x0000000009f10000)]
  0x0000000008508000 JavaThread "JDWP Event Helper Thread" daemon [_thread_blocked, id=3708, stack(0x0000000009c70000,0x0000000009d70000)]
  0x00000000084f7800 JavaThread "JDWP Transport Listener: dt_socket" daemon [_thread_blocked, id=4380, stack(0x0000000009a10000,0x0000000009b10000)]
  0x00000000084ed000 JavaThread "Attach Listener" daemon [_thread_blocked, id=2380, stack(0x0000000009590000,0x0000000009690000)]
  0x00000000084eb800 JavaThread "Signal Dispatcher" daemon [_thread_blocked, id=2088, stack(0x0000000009120000,0x0000000009220000)]
  0x0000000008441800 JavaThread "Finalizer" daemon [_thread_blocked, id=2976, stack(0x00000000092b0000,0x00000000093b0000)]
  0x0000000008438800 JavaThread "Reference Handler" daemon [_thread_blocked, id=3560, stack(0x0000000008e10000,0x0000000008f10000)]
  0x000000000224d000 JavaThread "main" [_thread_in_Java, id=3432, stack(0x0000000002510000,0x0000000002610000)]

Other Threads:
  0x0000000008431000 VMThread [stack: 0x0000000008fd0000,0x00000000090d0000] [id=596]
  0x0000000008531800 WatcherThread [stack: 0x000000000a3c0000,0x000000000a4c0000] [id=4416]

VM state:not at safepoint (normal execution)

VM Mutex/Monitor currently owned by a thread: None

Heap
 PSYoungGen      total 142080K, used 18666K [0x00000000f0000000, 0x0000000100000000, 0x0000000100000000)
  eden space 131200K, 5% used [0x00000000f0000000,0x00000000f079eaa8,0x00000000f8020000)
  from space 10880K, 99% used [0x00000000f8020000,0x00000000f8abc030,0x00000000f8ac0000)
  to   space 26112K, 0% used [0x00000000fe680000,0x00000000fe680000,0x0000000100000000)
 ParOldGen       total 174784K, used 23683K [0x00000000e0000000, 0x00000000eaab0000, 0x00000000f0000000)
  object space 174784K, 13% used [0x00000000e0000000,0x00000000e1720ea8,0x00000000eaab0000)
 PSPermGen       total 21248K, used 19920K [0x00000000c0000000, 0x00000000c14c0000, 0x00000000e0000000)
  object space 21248K, 93% used [0x00000000c0000000,0x00000000c13740c8,0x00000000c14c0000)

Card table byte_map: [0x0000000005610000,0x0000000005820000] byte_map_base: 0x0000000005010000

Polling page: 0x0000000000200000

Code Cache  [0x0000000002610000, 0x00000000028f0000, 0x0000000005610000)
 total_blobs=998 nmethods=697 adapters=259 free_code_cache=46358Kb largest_free_block=47370112

Compilation events (10 events):
Event: 8.001 Thread 0x0000000008520000 nmethod 722 0x000000000281d1d0 code [0x000000000281d6c0, 0x0000000002821b88]
Event: 8.066 Thread 0x000000000851b800  725             java.net.URL::getQuery (5 bytes)
Event: 8.066 Thread 0x000000000851b800 nmethod 725 0x000000000276d010 code [0x000000000276d140, 0x000000000276d198]
Event: 8.067 Thread 0x0000000008520000  726             java.util.jar.JarFile::getEntry (22 bytes)
Event: 8.067 Thread 0x000000000851b800  727   !         java.util.zip.ZipFile::getEntry (86 bytes)
Event: 8.071 Thread 0x000000000851b800 nmethod 727 0x0000000002744a10 code [0x0000000002744c20, 0x0000000002745488]
Event: 8.073 Thread 0x0000000008520000 nmethod 726 0x0000000002784150 code [0x0000000002784360, 0x0000000002784d18]
Event: 8.077 Thread 0x000000000851b800  728             java.util.jar.JarFile::getJarEntry (9 bytes)
Event: 8.077 Thread 0x000000000851b800 nmethod 728 0x0000000002752c10 code [0x0000000002752d60, 0x0000000002752e28]
Event: 8.092 Thread 0x0000000008520000  729   !         sun.nio.cs.StreamDecoder::read (196 bytes)

GC Heap History (10 events):
Event: 1.850 GC heap before
{Heap before GC invocations=1 (full 0):
 PSYoungGen      total 76480K, used 65600K [0x00000000f0000000, 0x00000000f5550000, 0x0000000100000000)
  eden space 65600K, 100% used [0x00000000f0000000,0x00000000f4010000,0x00000000f4010000)
  from space 10880K, 0% used [0x00000000f4ab0000,0x00000000f4ab0000,0x00000000f5550000)
  to   space 10880K, 0% used [0x00000000f4010000,0x00000000f4010000,0x00000000f4ab0000)
 ParOldGen       total 174784K, used 0K [0x00000000e0000000, 0x00000000eaab0000, 0x00000000f0000000)
  object space 174784K, 0% used [0x00000000e0000000,0x00000000e0000000,0x00000000eaab0000)
 PSPermGen       total 21248K, used 11796K [0x00000000c0000000, 0x00000000c14c0000, 0x00000000e0000000)
  object space 21248K, 55% used [0x00000000c0000000,0x00000000c0b85308,0x00000000c14c0000)
Event: 1.864 GC heap after
Heap after GC invocations=1 (full 0):
 PSYoungGen      total 76480K, used 9763K [0x00000000f0000000, 0x00000000f5550000, 0x0000000100000000)
  eden space 65600K, 0% used [0x00000000f0000000,0x00000000f0000000,0x00000000f4010000)
  from space 10880K, 89% used [0x00000000f4010000,0x00000000f4998f10,0x00000000f4ab0000)
  to   space 10880K, 0% used [0x00000000f4ab0000,0x00000000f4ab0000,0x00000000f5550000)
 ParOldGen       total 174784K, used 8K [0x00000000e0000000, 0x00000000eaab0000, 0x00000000f0000000)
  object space 174784K, 0% used [0x00000000e0000000,0x00000000e0002000,0x00000000eaab0000)
 PSPermGen       total 21248K, used 11796K [0x00000000c0000000, 0x00000000c14c0000, 0x00000000e0000000)
  object space 21248K, 55% used [0x00000000c0000000,0x00000000c0b85308,0x00000000c14c0000)
}
Event: 3.141 GC heap before
{Heap before GC invocations=2 (full 0):
 PSYoungGen      total 76480K, used 75363K [0x00000000f0000000, 0x00000000f5550000, 0x0000000100000000)
  eden space 65600K, 100% used [0x00000000f0000000,0x00000000f4010000,0x00000000f4010000)
  from space 10880K, 89% used [0x00000000f4010000,0x00000000f4998f10,0x00000000f4ab0000)
  to   space 10880K, 0% used [0x00000000f4ab0000,0x00000000f4ab0000,0x00000000f5550000)
 ParOldGen       total 174784K, used 8K [0x00000000e0000000, 0x00000000eaab0000, 0x00000000f0000000)
  object space 174784K, 0% used [0x00000000e0000000,0x00000000e0002000,0x00000000eaab0000)
 PSPermGen       total 21248K, used 14061K [0x00000000c0000000, 0x00000000c14c0000, 0x00000000e0000000)
  object space 21248K, 66% used [0x00000000c0000000,0x00000000c0dbb460,0x00000000c14c0000)
Event: 3.160 GC heap after
Heap after GC invocations=2 (full 0):
 PSYoungGen      total 76480K, used 9663K [0x00000000f0000000, 0x00000000f9560000, 0x0000000100000000)
  eden space 65600K, 0% used [0x00000000f0000000,0x00000000f0000000,0x00000000f4010000)
  from space 10880K, 88% used [0x00000000f4ab0000,0x00000000f541ffa0,0x00000000f5550000)
  to   space 10880K, 0% used [0x00000000f4010000,0x00000000f4010000,0x00000000f4ab0000)
 ParOldGen       total 174784K, used 8K [0x00000000e0000000, 0x00000000eaab0000, 0x00000000f0000000)
  object space 174784K, 0% used [0x00000000e0000000,0x00000000e0002000,0x00000000eaab0000)
 PSPermGen       total 21248K, used 14061K [0x00000000c0000000, 0x00000000c14c0000, 0x00000000e0000000)
  object space 21248K, 66% used [0x00000000c0000000,0x00000000c0dbb460,0x00000000c14c0000)
}
Event: 3.944 GC heap before
{Heap before GC invocations=3 (full 0):
 PSYoungGen      total 76480K, used 75263K [0x00000000f0000000, 0x00000000f9560000, 0x0000000100000000)
  eden space 65600K, 100% used [0x00000000f0000000,0x00000000f4010000,0x00000000f4010000)
  from space 10880K, 88% used [0x00000000f4ab0000,0x00000000f541ffa0,0x00000000f5550000)
  to   space 10880K, 0% used [0x00000000f4010000,0x00000000f4010000,0x00000000f4ab0000)
 ParOldGen       total 174784K, used 8K [0x00000000e0000000, 0x00000000eaab0000, 0x00000000f0000000)
  object space 174784K, 0% used [0x00000000e0000000,0x00000000e0002000,0x00000000eaab0000)
 PSPermGen       total 21248K, used 14152K [0x00000000c0000000, 0x00000000c14c0000, 0x00000000e0000000)
  object space 21248K, 66% used [0x00000000c0000000,0x00000000c0dd20f0,0x00000000c14c0000)
Event: 3.971 GC heap after
Heap after GC invocations=3 (full 0):
 PSYoungGen      total 76480K, used 10856K [0x00000000f0000000, 0x00000000f9560000, 0x0000000100000000)
  eden space 65600K, 0% used [0x00000000f0000000,0x00000000f0000000,0x00000000f4010000)
  from space 10880K, 99% used [0x00000000f4010000,0x00000000f4aaa020,0x00000000f4ab0000)
  to   space 10880K, 0% used [0x00000000f8ac0000,0x00000000f8ac0000,0x00000000f9560000)
 ParOldGen       total 174784K, used 2568K [0x00000000e0000000, 0x00000000eaab0000, 0x00000000f0000000)
  object space 174784K, 1% used [0x00000000e0000000,0x00000000e0282000,0x00000000eaab0000)
 PSPermGen       total 21248K, used 14152K [0x00000000c0000000, 0x00000000c14c0000, 0x00000000e0000000)
  object space 21248K, 66% used [0x00000000c0000000,0x00000000c0dd20f0,0x00000000c14c0000)
}
Event: 5.138 GC heap before
{Heap before GC invocations=4 (full 0):
 PSYoungGen      total 76480K, used 76456K [0x00000000f0000000, 0x00000000f9560000, 0x0000000100000000)
  eden space 65600K, 100% used [0x00000000f0000000,0x00000000f4010000,0x00000000f4010000)
  from space 10880K, 99% used [0x00000000f4010000,0x00000000f4aaa020,0x00000000f4ab0000)
  to   space 10880K, 0% used [0x00000000f8ac0000,0x00000000f8ac0000,0x00000000f9560000)
 ParOldGen       total 174784K, used 2568K [0x00000000e0000000, 0x00000000eaab0000, 0x00000000f0000000)
  object space 174784K, 1% used [0x00000000e0000000,0x00000000e0282000,0x00000000eaab0000)
 PSPermGen       total 21248K, used 14520K [0x00000000c0000000, 0x00000000c14c0000, 0x00000000e0000000)
  object space 21248K, 68% used [0x00000000c0000000,0x00000000c0e2e000,0x00000000c14c0000)
Event: 5.165 GC heap after
Heap after GC invocations=4 (full 0):
 PSYoungGen      total 142080K, used 10872K [0x00000000f0000000, 0x00000000f9560000, 0x0000000100000000)
  eden space 131200K, 0% used [0x00000000f0000000,0x00000000f0000000,0x00000000f8020000)
  from space 10880K, 99% used [0x00000000f8ac0000,0x00000000f955e030,0x00000000f9560000)
  to   space 10880K, 0% used [0x00000000f8020000,0x00000000f8020000,0x00000000f8ac0000)
 ParOldGen       total 174784K, used 6647K [0x00000000e0000000, 0x00000000eaab0000, 0x00000000f0000000)
  object space 174784K, 3% used [0x00000000e0000000,0x00000000e067dd88,0x00000000eaab0000)
 PSPermGen       total 21248K, used 14520K [0x00000000c0000000, 0x00000000c14c0000, 0x00000000e0000000)
  object space 21248K, 68% used [0x00000000c0000000,0x00000000c0e2e000,0x00000000c14c0000)
}
Event: 8.006 GC heap before
{Heap before GC invocations=5 (full 0):
 PSYoungGen      total 142080K, used 142072K [0x00000000f0000000, 0x00000000f9560000, 0x0000000100000000)
  eden space 131200K, 100% used [0x00000000f0000000,0x00000000f8020000,0x00000000f8020000)
  from space 10880K, 99% used [0x00000000f8ac0000,0x00000000f955e030,0x00000000f9560000)
  to   space 10880K, 0% used [0x00000000f8020000,0x00000000f8020000,0x00000000f8ac0000)
 ParOldGen       total 174784K, used 6647K [0x00000000e0000000, 0x00000000eaab0000, 0x00000000f0000000)
  object space 174784K, 3% used [0x00000000e0000000,0x00000000e067dd88,0x00000000eaab0000)
 PSPermGen       total 21248K, used 19813K [0x00000000c0000000, 0x00000000c14c0000, 0x00000000e0000000)
  object space 21248K, 93% used [0x00000000c0000000,0x00000000c1359650,0x00000000c14c0000)
Event: 8.050 GC heap after
Heap after GC invocations=5 (full 0):
 PSYoungGen      total 142080K, used 10864K [0x00000000f0000000, 0x0000000100000000, 0x0000000100000000)
  eden space 131200K, 0% used [0x00000000f0000000,0x00000000f0000000,0x00000000f8020000)
  from space 10880K, 99% used [0x00000000f8020000,0x00000000f8abc030,0x00000000f8ac0000)
  to   space 26112K, 0% used [0x00000000fe680000,0x00000000fe680000,0x0000000100000000)
 ParOldGen       total 174784K, used 23683K [0x00000000e0000000, 0x00000000eaab0000, 0x00000000f0000000)
  object space 174784K, 13% used [0x00000000e0000000,0x00000000e1720ea8,0x00000000eaab0000)
 PSPermGen       total 21248K, used 19813K [0x00000000c0000000, 0x00000000c14c0000, 0x00000000e0000000)
  object space 21248K, 93% used [0x00000000c0000000,0x00000000c1359650,0x00000000c14c0000)
}

Deoptimization events (10 events):
Event: 7.554 Thread 0x000000000224d000 Uncommon trap -58 fr.pc 0x00000000028c7cb0
Event: 7.605 Thread 0x000000000224d000 Uncommon trap -34 fr.pc 0x00000000027c8b38
Event: 7.607 Thread 0x000000000224d000 Uncommon trap -25 fr.pc 0x00000000026af20c
Event: 7.609 Thread 0x000000000224d000 Uncommon trap -25 fr.pc 0x00000000026af20c
Event: 7.609 Thread 0x000000000224d000 Uncommon trap -34 fr.pc 0x00000000027c8b38
Event: 7.811 Thread 0x000000000224d000 Uncommon trap -25 fr.pc 0x00000000026af20c
Event: 7.812 Thread 0x000000000224d000 Uncommon trap -25 fr.pc 0x00000000026af20c
Event: 7.815 Thread 0x000000000224d000 Uncommon trap -25 fr.pc 0x00000000026af20c
Event: 7.816 Thread 0x000000000224d000 Uncommon trap -25 fr.pc 0x00000000026af20c
Event: 7.816 Thread 0x000000000224d000 Uncommon trap -25 fr.pc 0x00000000026af20c

Internal exceptions (10 events):
Event: 8.098 Thread 0x000000000224d000 Threw 0x00000000f0319288 at C:\jdk7u2_64p\jdk7u25\hotspot\src\share\vm\prims\jvm.cpp:1235
Event: 8.099 Thread 0x000000000224d000 Threw 0x00000000f031f9e8 at C:\jdk7u2_64p\jdk7u25\hotspot\src\share\vm\prims\jvm.cpp:1235
Event: 8.101 Thread 0x000000000224d000 Threw 0x00000000f03c0638 at C:\jdk7u2_64p\jdk7u25\hotspot\src\share\vm\prims\jvm.cpp:1235
Event: 8.102 Thread 0x000000000224d000 Threw 0x00000000f03e6928 at C:\jdk7u2_64p\jdk7u25\hotspot\src\share\vm\prims\jvm.cpp:1235
Event: 8.103 Thread 0x000000000224d000 Threw 0x00000000f03f3528 at C:\jdk7u2_64p\jdk7u25\hotspot\src\share\vm\prims\jvm.cpp:1235
Event: 8.107 Thread 0x000000000224d000 Threw 0x00000000f04aec80 at C:\jdk7u2_64p\jdk7u25\hotspot\src\share\vm\prims\jvm.cpp:1235
Event: 8.109 Thread 0x000000000224d000 Threw 0x00000000f04e1588 at C:\jdk7u2_64p\jdk7u25\hotspot\src\share\vm\prims\jvm.cpp:1235
Event: 8.110 Thread 0x000000000224d000 Threw 0x00000000f04e75b0 at C:\jdk7u2_64p\jdk7u25\hotspot\src\share\vm\prims\jvm.cpp:1235
Event: 8.110 Thread 0x000000000224d000 Threw 0x00000000f04edfa8 at C:\jdk7u2_64p\jdk7u25\hotspot\src\share\vm\prims\jvm.cpp:1235
Event: 8.111 Thread 0x000000000224d000 Threw 0x00000000f050b958 at C:\jdk7u2_64p\jdk7u25\hotspot\src\share\vm\prims\jvm.cpp:1235

Events (10 events):
Event: 8.110 loading class 0x000000000b24fa60
Event: 8.110 loading class 0x000000000b24fa60 done
Event: 8.110 loading class 0x000000000b24ff60
Event: 8.110 loading class 0x000000000b24ff60 done
Event: 8.110 loading class 0x000000000b24ff60
Event: 8.110 loading class 0x000000000b24ff60 done
Event: 8.111 loading class 0x000000000b1ec350
Event: 8.111 loading class 0x000000000b1ec350 done
Event: 8.111 loading class 0x000000000b1ec350
Event: 8.111 loading class 0x000000000b1ec350 done


Dynamic libraries:
0x000000013ffe0000 - 0x0000000140013000 	E:\Java1.7.0_25\jdk1.7.0_25\bin\javaw.exe
0x0000000077970000 - 0x0000000077b1a000 	C:\Windows\SYSTEM32\ntdll.dll
0x0000000077850000 - 0x000000007796f000 	C:\Windows\system32\kernel32.dll
0x000007fefd990000 - 0x000007fefd9fa000 	C:\Windows\system32\KERNELBASE.dll
0x000007fefe8b0000 - 0x000007fefe98b000 	C:\Windows\system32\ADVAPI32.dll
0x000007feffa50000 - 0x000007feffaef000 	C:\Windows\system32\msvcrt.dll
0x000007fefe330000 - 0x000007fefe34f000 	C:\Windows\SYSTEM32\sechost.dll
0x000007fefda20000 - 0x000007fefdb4d000 	C:\Windows\system32\RPCRT4.dll
0x0000000077750000 - 0x000000007784a000 	C:\Windows\system32\USER32.dll
0x000007fefdb50000 - 0x000007fefdbb7000 	C:\Windows\system32\GDI32.dll
0x000007fefe530000 - 0x000007fefe53e000 	C:\Windows\system32\LPK.dll
0x000007fefe7e0000 - 0x000007fefe8ab000 	C:\Windows\system32\USP10.dll
0x000007fefc070000 - 0x000007fefc264000 	C:\Windows\WinSxS\amd64_microsoft.windows.common-controls_6595b64144ccf1df_6.0.7601.23403_none_e36ad4593102f066\COMCTL32.dll
0x000007fefe290000 - 0x000007fefe301000 	C:\Windows\system32\SHLWAPI.dll
0x000007fefe1c0000 - 0x000007fefe1ee000 	C:\Windows\system32\IMM32.DLL
0x000007fefdfd0000 - 0x000007fefe0d9000 	C:\Windows\system32\MSCTF.dll
0x000000006e5f0000 - 0x000000006e6c1000 	E:\Java1.7.0_25\jdk1.7.0_25\jre\bin\msvcr100.dll
0x000000006be00000 - 0x000000006c50f000 	E:\Java1.7.0_25\jdk1.7.0_25\jre\bin\server\jvm.dll
0x000007fef9cf0000 - 0x000007fef9cf9000 	C:\Windows\system32\WSOCK32.dll
0x000007fefe990000 - 0x000007fefe9dd000 	C:\Windows\system32\WS2_32.dll
0x000007feffa40000 - 0x000007feffa48000 	C:\Windows\system32\NSI.dll
0x000007fef7b40000 - 0x000007fef7b7b000 	C:\Windows\system32\WINMM.dll
0x0000000077b40000 - 0x0000000077b47000 	C:\Windows\system32\PSAPI.DLL
0x000000006ea90000 - 0x000000006ea9f000 	E:\Java1.7.0_25\jdk1.7.0_25\jre\bin\verify.dll
0x000000006e5c0000 - 0x000000006e5e8000 	E:\Java1.7.0_25\jdk1.7.0_25\jre\bin\java.dll
0x000000006b390000 - 0x000000006b3c5000 	E:\Java1.7.0_25\jdk1.7.0_25\jre\bin\jdwp.dll
0x000000006bb90000 - 0x000000006bb98000 	E:\Java1.7.0_25\jdk1.7.0_25\jre\bin\npt.dll
0x000000006e5a0000 - 0x000000006e5b5000 	E:\Java1.7.0_25\jdk1.7.0_25\jre\bin\zip.dll
0x000000006bb80000 - 0x000000006bb89000 	E:\Java1.7.0_25\jdk1.7.0_25\jre\bin\dt_socket.dll
0x000007fefbeb0000 - 0x000007fefbec5000 	C:\Windows\system32\NLAapi.dll
0x000007fef9ac0000 - 0x000007fef9ad5000 	C:\Windows\system32\napinsp.dll
0x000007fefcdb0000 - 0x000007fefce05000 	C:\Windows\System32\mswsock.dll
0x000007fefcca0000 - 0x000007fefccfb000 	C:\Windows\system32\DNSAPI.dll
0x000007fef9a40000 - 0x000007fef9a4b000 	C:\Windows\System32\winrnr.dll
0x000007fefb7e0000 - 0x000007fefb807000 	C:\Windows\system32\IPHLPAPI.DLL
0x000007fefb7d0000 - 0x000007fefb7db000 	C:\Windows\system32\WINNSI.DLL
0x000007fefb690000 - 0x000007fefb6e3000 	C:\Windows\System32\fwpuclnt.dll
0x000007fef9740000 - 0x000007fef9748000 	C:\Windows\system32\rasadhlp.dll
0x000007fefc800000 - 0x000007fefc807000 	C:\Windows\System32\wshtcpip.dll
0x000000006e580000 - 0x000000006e599000 	E:\Java1.7.0_25\jdk1.7.0_25\jre\bin\net.dll
0x000007fefcf40000 - 0x000007fefcf47000 	C:\Windows\System32\wship6.dll
0x000000006e560000 - 0x000000006e571000 	E:\Java1.7.0_25\jdk1.7.0_25\jre\bin\nio.dll

VM Arguments:
jvm_args: -agentlib:jdwp=transport=dt_socket,suspend=y,address=localhost:59977 -Xms256m -Xmx512m -XX:MaxNewSize=256m -XX:MaxPermSize=512m -Dmaven.home=EMBEDDED -Dclassworlds.conf=E:\workspace\.metadata\.plugins\org.eclipse.m2e.launching\launches\m2conf5013786551052278808.tmp -Dfile.encoding=UTF-8 
java_command: org.codehaus.plexus.classworlds.launcher.Launcher -B -Dmaven.test.skip=true -DskipTests clean install
Launcher Type: SUN_STANDARD

Environment Variables:
JAVA_HOME=E:\Java1.7.0_25\jdk1.7.0_25
PATH=E:\Java1.7.0_25\jdk1.7.0_25\jre\bin;E:/Java1.7.0_25/jdk1.7.0_25/bin/../jre/bin/server;E:/Java1.7.0_25/jdk1.7.0_25/bin/../jre/bin;E:/Java1.7.0_25/jdk1.7.0_25/bin/../jre/lib/amd64;C:\Windows\system32;C:\Windows;C:\Windows\System32\Wbem;C:\Windows\System32\WindowsPowerShell\v1.0\;C:\Windows\System32\WindowsPowerShell\v1.0\;E:\Java1.7.0_25\jdk1.7.0_25\bin;;E:\eclipse-4.4\eclipse;
USERNAME=Administrator
OS=Windows_NT
PROCESSOR_IDENTIFIER=Intel64 Family 6 Model 79 Stepping 1, GenuineIntel



---------------  S Y S T E M  ---------------

OS: Windows NT 6.1 , 64 bit Build 7601 Service Pack 1

CPU:total 2 (2 cores per cpu, 1 threads per core) family 6 model 79 stepping 1, cmov, cx8, fxsr, mmx, sse, sse2, sse3, ssse3, sse4.1, sse4.2, popcnt, avx, avx2, tsc

Memory: 4k page, physical 4193784k(539072k free), swap 4191924k(5188k free)

vm_info: Java HotSpot(TM) 64-Bit Server VM (23.25-b01) for windows-amd64 JRE (1.7.0_25-b17), built on Jun 21 2013 12:58:32 by "java_re" with unknown MS VC++:1600

time: Thu Oct 12 20:43:55 2017
elapsed time: 8 seconds

