#
# There is insufficient memory for the Java Runtime Environment to continue.
# Native memory allocation (malloc) failed to allocate 742256 bytes for Chunk::new
# Possible reasons:
#   The system is out of physical RAM or swap space
#   In 32 bit mode, the process size limit was hit
# Possible solutions:
#   Reduce memory load on the system
#   Increase physical memory or swap space
#   Check if swap backing store is full
#   Use 64 bit Java on a 64 bit OS
#   Decrease Java heap size (-Xmx/-Xms)
#   Decrease number of Java threads
#   Decrease Java thread stack sizes (-Xss)
#   Set larger code cache with -XX:ReservedCodeCacheSize=
# This output file may be truncated or incomplete.
#
#  Out of Memory Error (allocation.cpp:328), pid=2564, tid=5032
#
# JRE version: 7.0_25-b17
# Java VM: Java HotSpot(TM) 64-Bit Server VM (23.25-b01 mixed mode windows-amd64 compressed oops)
# Failed to write core dump. Call to MiniDumpWriteDump() failed
#

---------------  T H R E A D  ---------------

Current thread (0x00000000088d9000):  JavaThread "C2 CompilerThread0" daemon [_thread_in_native, id=5032, stack(0x000000000a3e0000,0x000000000a4e0000)]

Stack: [0x000000000a3e0000,0x000000000a4e0000]

Current CompileTask:
C2:   8665  742             org.apache.maven.model.validation.DefaultModelValidator::validateEffectiveDependency (759 bytes)


---------------  P R O C E S S  ---------------

Java Threads: ( => current thread )
  0x00000000088e5800 JavaThread "Service Thread" daemon [_thread_blocked, id=4080, stack(0x000000000a6b0000,0x000000000a7b0000)]
  0x00000000088e5000 JavaThread "C2 CompilerThread1" daemon [_thread_in_native_trans, id=4952, stack(0x0000000009c00000,0x0000000009d00000)]
=>0x00000000088d9000 JavaThread "C2 CompilerThread0" daemon [_thread_in_native, id=5032, stack(0x000000000a3e0000,0x000000000a4e0000)]
  0x00000000088c7800 JavaThread "JDWP Command Reader" daemon [_thread_in_native, id=1028, stack(0x000000000a280000,0x000000000a380000)]
  0x00000000088c4000 JavaThread "JDWP Event Helper Thread" daemon [_thread_blocked, id=2548, stack(0x000000000a0a0000,0x000000000a1a0000)]
  0x00000000088b3000 JavaThread "JDWP Transport Listener: dt_socket" daemon [_thread_blocked, id=2320, stack(0x0000000009e90000,0x0000000009f90000)]
  0x00000000088ad000 JavaThread "Attach Listener" daemon [_thread_blocked, id=1420, stack(0x0000000009930000,0x0000000009a30000)]
  0x00000000088ab800 JavaThread "Signal Dispatcher" daemon [_thread_blocked, id=4708, stack(0x0000000009640000,0x0000000009740000)]
  0x00000000087fc000 JavaThread "Finalizer" daemon [_thread_blocked, id=3916, stack(0x0000000009520000,0x0000000009620000)]
  0x00000000087f8800 JavaThread "Reference Handler" daemon [_thread_blocked, id=4360, stack(0x00000000093d0000,0x00000000094d0000)]
  0x000000000016d000 JavaThread "main" [_thread_in_vm, id=4228, stack(0x00000000022a0000,0x00000000023a0000)]

Other Threads:
  0x00000000087f0800 VMThread [stack: 0x00000000091e0000,0x00000000092e0000] [id=4588]
  0x00000000088ee800 WatcherThread [stack: 0x000000000a8b0000,0x000000000a9b0000] [id=4300]

VM state:not at safepoint (normal execution)

VM Mutex/Monitor currently owned by a thread: None

Heap
 PSYoungGen      total 73984K, used 56392K [0x00000000eaab0000, 0x00000000efbf0000, 0x0000000100000000)
  eden space 65536K, 86% used [0x00000000eaab0000,0x00000000ee1c2288,0x00000000eeab0000)
  from space 8448K, 0% used [0x00000000ef330000,0x00000000ef330000,0x00000000efb70000)
  to   space 8704K, 0% used [0x00000000eeab0000,0x00000000eeab0000,0x00000000ef330000)
 ParOldGen       total 69312K, used 32794K [0x00000000c0000000, 0x00000000c43b0000, 0x00000000eaab0000)
  object space 69312K, 47% used [0x00000000c0000000,0x00000000c2006b08,0x00000000c43b0000)
 PSPermGen       total 21248K, used 21228K [0x00000000bae00000, 0x00000000bc2c0000, 0x00000000c0000000)
  object space 21248K, 99% used [0x00000000bae00000,0x00000000bc2bb388,0x00000000bc2c0000)

Card table byte_map: [0x0000000005460000,0x0000000005690000] byte_map_base: 0x0000000004e89000

Polling page: 0x0000000000100000

Code Cache  [0x00000000023a0000, 0x0000000002660000, 0x00000000053a0000)
 total_blobs=1035 nmethods=727 adapters=266 free_code_cache=46413Kb largest_free_block=47476928

Compilation events (10 events):
Event: 8.581 Thread 0x00000000088d9000 nmethod 737 0x0000000002650d50 code [0x0000000002650ee0, 0x0000000002651138]
Event: 8.607 Thread 0x00000000088e5000  738             org.eclipse.aether.resolution.ArtifactDescriptorResult::addManagedDependency (40 bytes)
Event: 8.614 Thread 0x00000000088e5000 nmethod 738 0x00000000026393d0 code [0x0000000002639560, 0x0000000002639c08]
Event: 8.614 Thread 0x00000000088e5000  739             java.util.HashMap::keySet (28 bytes)
Event: 8.615 Thread 0x00000000088e5000 nmethod 739 0x0000000002626f10 code [0x0000000002627060, 0x0000000002627138]
Event: 8.616 Thread 0x00000000088e5000  740             org.eclipse.aether.util.graph.selector.AndDependencySelector::selectDependency (46 bytes)
Event: 8.617 Thread 0x00000000088d9000  741             java.util.ArrayList::indexOf (67 bytes)
Event: 8.623 Thread 0x00000000088e5000 nmethod 740 0x000000000264e190 code [0x000000000264e340, 0x000000000264e918]
Event: 8.628 Thread 0x00000000088d9000 nmethod 741 0x00000000026387d0 code [0x0000000002638940, 0x0000000002639108]
Event: 8.628 Thread 0x00000000088d9000  742             org.apache.maven.model.validation.DefaultModelValidator::validateEffectiveDependency (759 bytes)

GC Heap History (10 events):
Event: 3.925 GC heap before
{Heap before GC invocations=7 (full 0):
 PSYoungGen      total 73984K, used 71819K [0x00000000eaab0000, 0x00000000efbf0000, 0x0000000100000000)
  eden space 65536K, 100% used [0x00000000eaab0000,0x00000000eeab0000,0x00000000eeab0000)
  from space 8448K, 74% used [0x00000000ef330000,0x00000000ef952ff8,0x00000000efb70000)
  to   space 8704K, 0% used [0x00000000eeab0000,0x00000000eeab0000,0x00000000ef330000)
 ParOldGen       total 43712K, used 10157K [0x00000000c0000000, 0x00000000c2ab0000, 0x00000000eaab0000)
  object space 43712K, 23% used [0x00000000c0000000,0x00000000c09eb6b0,0x00000000c2ab0000)
 PSPermGen       total 21248K, used 14870K [0x00000000bae00000, 0x00000000bc2c0000, 0x00000000c0000000)
  object space 21248K, 69% used [0x00000000bae00000,0x00000000bbc859c0,0x00000000bc2c0000)
Event: 3.952 GC heap after
Heap after GC invocations=7 (full 0):
 PSYoungGen      total 74240K, used 8704K [0x00000000eaab0000, 0x00000000efbf0000, 0x0000000100000000)
  eden space 65536K, 0% used [0x00000000eaab0000,0x00000000eaab0000,0x00000000eeab0000)
  from space 8704K, 100% used [0x00000000eeab0000,0x00000000ef330000,0x00000000ef330000)
  to   space 8448K, 0% used [0x00000000ef330000,0x00000000ef330000,0x00000000efb70000)
 ParOldGen       total 43712K, used 13157K [0x00000000c0000000, 0x00000000c2ab0000, 0x00000000eaab0000)
  object space 43712K, 30% used [0x00000000c0000000,0x00000000c0cd9520,0x00000000c2ab0000)
 PSPermGen       total 21248K, used 14870K [0x00000000bae00000, 0x00000000bc2c0000, 0x00000000c0000000)
  object space 21248K, 69% used [0x00000000bae00000,0x00000000bbc859c0,0x00000000bc2c0000)
}
Event: 4.742 GC heap before
{Heap before GC invocations=8 (full 0):
 PSYoungGen      total 74240K, used 74240K [0x00000000eaab0000, 0x00000000efbf0000, 0x0000000100000000)
  eden space 65536K, 100% used [0x00000000eaab0000,0x00000000eeab0000,0x00000000eeab0000)
  from space 8704K, 100% used [0x00000000eeab0000,0x00000000ef330000,0x00000000ef330000)
  to   space 8448K, 0% used [0x00000000ef330000,0x00000000ef330000,0x00000000efb70000)
 ParOldGen       total 43712K, used 13157K [0x00000000c0000000, 0x00000000c2ab0000, 0x00000000eaab0000)
  object space 43712K, 30% used [0x00000000c0000000,0x00000000c0cd9520,0x00000000c2ab0000)
 PSPermGen       total 21248K, used 14918K [0x00000000bae00000, 0x00000000bc2c0000, 0x00000000c0000000)
  object space 21248K, 70% used [0x00000000bae00000,0x00000000bbc91ac8,0x00000000bc2c0000)
Event: 4.768 GC heap after
Heap after GC invocations=8 (full 0):
 PSYoungGen      total 73984K, used 8448K [0x00000000eaab0000, 0x00000000efbf0000, 0x0000000100000000)
  eden space 65536K, 0% used [0x00000000eaab0000,0x00000000eaab0000,0x00000000eeab0000)
  from space 8448K, 100% used [0x00000000ef330000,0x00000000efb70000,0x00000000efb70000)
  to   space 8704K, 0% used [0x00000000eeab0000,0x00000000eeab0000,0x00000000ef330000)
 ParOldGen       total 43712K, used 18025K [0x00000000c0000000, 0x00000000c2ab0000, 0x00000000eaab0000)
  object space 43712K, 41% used [0x00000000c0000000,0x00000000c119a6e0,0x00000000c2ab0000)
 PSPermGen       total 21248K, used 14918K [0x00000000bae00000, 0x00000000bc2c0000, 0x00000000c0000000)
  object space 21248K, 70% used [0x00000000bae00000,0x00000000bbc91ac8,0x00000000bc2c0000)
}
Event: 5.929 GC heap before
{Heap before GC invocations=9 (full 0):
 PSYoungGen      total 73984K, used 73984K [0x00000000eaab0000, 0x00000000efbf0000, 0x0000000100000000)
  eden space 65536K, 100% used [0x00000000eaab0000,0x00000000eeab0000,0x00000000eeab0000)
  from space 8448K, 100% used [0x00000000ef330000,0x00000000efb70000,0x00000000efb70000)
  to   space 8704K, 0% used [0x00000000eeab0000,0x00000000eeab0000,0x00000000ef330000)
 ParOldGen       total 43712K, used 18025K [0x00000000c0000000, 0x00000000c2ab0000, 0x00000000eaab0000)
  object space 43712K, 41% used [0x00000000c0000000,0x00000000c119a6e0,0x00000000c2ab0000)
 PSPermGen       total 21248K, used 15333K [0x00000000bae00000, 0x00000000bc2c0000, 0x00000000c0000000)
  object space 21248K, 72% used [0x00000000bae00000,0x00000000bbcf9438,0x00000000bc2c0000)
Event: 5.955 GC heap after
Heap after GC invocations=9 (full 0):
 PSYoungGen      total 74240K, used 8704K [0x00000000eaab0000, 0x00000000efbf0000, 0x0000000100000000)
  eden space 65536K, 0% used [0x00000000eaab0000,0x00000000eaab0000,0x00000000eeab0000)
  from space 8704K, 100% used [0x00000000eeab0000,0x00000000ef330000,0x00000000ef330000)
  to   space 8448K, 0% used [0x00000000ef330000,0x00000000ef330000,0x00000000efb70000)
 ParOldGen       total 43712K, used 21903K [0x00000000c0000000, 0x00000000c2ab0000, 0x00000000eaab0000)
  object space 43712K, 50% used [0x00000000c0000000,0x00000000c1563fe8,0x00000000c2ab0000)
 PSPermGen       total 21248K, used 15333K [0x00000000bae00000, 0x00000000bc2c0000, 0x00000000c0000000)
  object space 21248K, 72% used [0x00000000bae00000,0x00000000bbcf9438,0x00000000bc2c0000)
}
Event: 7.356 GC heap before
{Heap before GC invocations=10 (full 0):
 PSYoungGen      total 74240K, used 74240K [0x00000000eaab0000, 0x00000000efbf0000, 0x0000000100000000)
  eden space 65536K, 100% used [0x00000000eaab0000,0x00000000eeab0000,0x00000000eeab0000)
  from space 8704K, 100% used [0x00000000eeab0000,0x00000000ef330000,0x00000000ef330000)
  to   space 8448K, 0% used [0x00000000ef330000,0x00000000ef330000,0x00000000efb70000)
 ParOldGen       total 43712K, used 21903K [0x00000000c0000000, 0x00000000c2ab0000, 0x00000000eaab0000)
  object space 43712K, 50% used [0x00000000c0000000,0x00000000c1563fe8,0x00000000c2ab0000)
 PSPermGen       total 21248K, used 19251K [0x00000000bae00000, 0x00000000bc2c0000, 0x00000000c0000000)
  object space 21248K, 90% used [0x00000000bae00000,0x00000000bc0ccea0,0x00000000bc2c0000)
Event: 7.389 GC heap after
Heap after GC invocations=10 (full 0):
 PSYoungGen      total 73984K, used 8437K [0x00000000eaab0000, 0x00000000efbf0000, 0x0000000100000000)
  eden space 65536K, 0% used [0x00000000eaab0000,0x00000000eaab0000,0x00000000eeab0000)
  from space 8448K, 99% used [0x00000000ef330000,0x00000000efb6d748,0x00000000efb70000)
  to   space 8704K, 0% used [0x00000000eeab0000,0x00000000eeab0000,0x00000000ef330000)
 ParOldGen       total 43712K, used 35948K [0x00000000c0000000, 0x00000000c2ab0000, 0x00000000eaab0000)
  object space 43712K, 82% used [0x00000000c0000000,0x00000000c231b2c8,0x00000000c2ab0000)
 PSPermGen       total 21248K, used 19251K [0x00000000bae00000, 0x00000000bc2c0000, 0x00000000c0000000)
  object space 21248K, 90% used [0x00000000bae00000,0x00000000bc0ccea0,0x00000000bc2c0000)
}
Event: 7.389 GC heap before
{Heap before GC invocations=11 (full 1):
 PSYoungGen      total 73984K, used 8437K [0x00000000eaab0000, 0x00000000efbf0000, 0x0000000100000000)
  eden space 65536K, 0% used [0x00000000eaab0000,0x00000000eaab0000,0x00000000eeab0000)
  from space 8448K, 99% used [0x00000000ef330000,0x00000000efb6d748,0x00000000efb70000)
  to   space 8704K, 0% used [0x00000000eeab0000,0x00000000eeab0000,0x00000000ef330000)
 ParOldGen       total 43712K, used 35948K [0x00000000c0000000, 0x00000000c2ab0000, 0x00000000eaab0000)
  object space 43712K, 82% used [0x00000000c0000000,0x00000000c231b2c8,0x00000000c2ab0000)
 PSPermGen       total 21248K, used 19251K [0x00000000bae00000, 0x00000000bc2c0000, 0x00000000c0000000)
  object space 21248K, 90% used [0x00000000bae00000,0x00000000bc0ccea0,0x00000000bc2c0000)
Event: 7.652 GC heap after
Heap after GC invocations=11 (full 1):
 PSYoungGen      total 73984K, used 0K [0x00000000eaab0000, 0x00000000efbf0000, 0x0000000100000000)
  eden space 65536K, 0% used [0x00000000eaab0000,0x00000000eaab0000,0x00000000eeab0000)
  from space 8448K, 0% used [0x00000000ef330000,0x00000000ef330000,0x00000000efb70000)
  to   space 8704K, 0% used [0x00000000eeab0000,0x00000000eeab0000,0x00000000ef330000)
 ParOldGen       total 69312K, used 32794K [0x00000000c0000000, 0x00000000c43b0000, 0x00000000eaab0000)
  object space 69312K, 47% used [0x00000000c0000000,0x00000000c2006b08,0x00000000c43b0000)
 PSPermGen       total 21248K, used 19241K [0x00000000bae00000, 0x00000000bc2c0000, 0x00000000c0000000)
  object space 21248K, 90% used [0x00000000bae00000,0x00000000bc0ca6a8,0x00000000bc2c0000)
}

Deoptimization events (10 events):
Event: 7.995 Thread 0x000000000016d000 Uncommon trap -25 fr.pc 0x000000000241dc8c
Event: 7.998 Thread 0x000000000016d000 Uncommon trap -25 fr.pc 0x000000000241dc8c
Event: 8.000 Thread 0x000000000016d000 Uncommon trap -25 fr.pc 0x000000000241dc8c
Event: 8.000 Thread 0x000000000016d000 Uncommon trap -25 fr.pc 0x000000000241dc8c
Event: 8.294 Thread 0x000000000016d000 Uncommon trap -25 fr.pc 0x000000000241dc8c
Event: 8.369 Thread 0x000000000016d000 Uncommon trap -83 fr.pc 0x00000000025d9078
Event: 8.369 Thread 0x000000000016d000 Uncommon trap -83 fr.pc 0x0000000002535744
Event: 8.578 Thread 0x000000000016d000 Uncommon trap -34 fr.pc 0x000000000257a298
Event: 8.594 Thread 0x000000000016d000 Uncommon trap -89 fr.pc 0x000000000264a5fc
Event: 8.599 Thread 0x000000000016d000 Uncommon trap -89 fr.pc 0x000000000264a644

Internal exceptions (10 events):
Event: 8.575 Thread 0x000000000016d000 Threw 0x00000000ed2a78f8 at C:\jdk7u2_64p\jdk7u25\hotspot\src\share\vm\prims\jvm.cpp:1235
Event: 8.577 Thread 0x000000000016d000 Threw 0x00000000ed2b60d0 at C:\jdk7u2_64p\jdk7u25\hotspot\src\share\vm\prims\jvm.cpp:1235
Event: 8.580 Thread 0x000000000016d000 Threw 0x00000000ed2f50c0 at C:\jdk7u2_64p\jdk7u25\hotspot\src\share\vm\prims\jvm.cpp:1235
Event: 8.580 Thread 0x000000000016d000 Threw 0x00000000ed2f5820 at C:\jdk7u2_64p\jdk7u25\hotspot\src\share\vm\prims\jvm.cpp:1235
Event: 8.581 Thread 0x000000000016d000 Threw 0x00000000ed2fbc30 at C:\jdk7u2_64p\jdk7u25\hotspot\src\share\vm\prims\jvm.cpp:1235
Event: 8.581 Thread 0x000000000016d000 Threw 0x00000000ed2fc3b0 at C:\jdk7u2_64p\jdk7u25\hotspot\src\share\vm\prims\jvm.cpp:1235
Event: 8.581 Thread 0x000000000016d000 Threw 0x00000000ed300020 at C:\jdk7u2_64p\jdk7u25\hotspot\src\share\vm\prims\jvm.cpp:1235
Event: 8.581 Thread 0x000000000016d000 Threw 0x00000000ed3009f0 at C:\jdk7u2_64p\jdk7u25\hotspot\src\share\vm\prims\jvm.cpp:1235
Event: 8.582 Thread 0x000000000016d000 Threw 0x00000000ed305af0 at C:\jdk7u2_64p\jdk7u25\hotspot\src\share\vm\prims\jvm.cpp:1235
Event: 8.582 Thread 0x000000000016d000 Threw 0x00000000ed3061d0 at C:\jdk7u2_64p\jdk7u25\hotspot\src\share\vm\prims\jvm.cpp:1235

Events (10 events):
Event: 8.582 Thread 0x000000000016d000 DEOPT PACKING pc=0x000000000263c43c sp=0x000000000239d310
Event: 8.582 Thread 0x000000000016d000 DEOPT UNPACKING pc=0x00000000023d8fb9 sp=0x000000000239d080 mode 1
Event: 8.582 Thread 0x000000000016d000 DEOPT PACKING pc=0x000000000263d19c sp=0x000000000239d3f0
Event: 8.582 Thread 0x000000000016d000 DEOPT UNPACKING pc=0x00000000023d8fb9 sp=0x000000000239d050 mode 1
Event: 8.583 Executing VM operation: Deoptimize
Event: 8.583 Executing VM operation: Deoptimize done
Event: 8.594 Thread 0x000000000016d000 DEOPT PACKING pc=0x000000000264a5fc sp=0x000000000239dda0
Event: 8.594 Thread 0x000000000016d000 DEOPT UNPACKING pc=0x00000000023d9164 sp=0x000000000239dd48 mode 2
Event: 8.599 Thread 0x000000000016d000 DEOPT PACKING pc=0x000000000264a644 sp=0x000000000239dc50
Event: 8.599 Thread 0x000000000016d000 DEOPT UNPACKING pc=0x00000000023d9164 sp=0x000000000239dbf8 mode 2


Dynamic libraries:
0x000000013f070000 - 0x000000013f0a3000 	E:\Java1.7.0_25\jdk1.7.0_25\bin\javaw.exe
0x0000000077970000 - 0x0000000077b1a000 	C:\Windows\SYSTEM32\ntdll.dll
0x0000000077850000 - 0x000000007796f000 	C:\Windows\system32\kernel32.dll
0x000007fefd990000 - 0x000007fefd9fa000 	C:\Windows\system32\KERNELBASE.dll
0x000007fefe8b0000 - 0x000007fefe98b000 	C:\Windows\system32\ADVAPI32.dll
0x000007feffa50000 - 0x000007feffaef000 	C:\Windows\system32\msvcrt.dll
0x000007fefe330000 - 0x000007fefe34f000 	C:\Windows\SYSTEM32\sechost.dll
0x000007fefda20000 - 0x000007fefdb4d000 	C:\Windows\system32\RPCRT4.dll
0x0000000077750000 - 0x000000007784a000 	C:\Windows\system32\USER32.dll
0x000007fefdb50000 - 0x000007fefdbb7000 	C:\Windows\system32\GDI32.dll
0x000007fefe530000 - 0x000007fefe53e000 	C:\Windows\system32\LPK.dll
0x000007fefe7e0000 - 0x000007fefe8ab000 	C:\Windows\system32\USP10.dll
0x000007fefc070000 - 0x000007fefc264000 	C:\Windows\WinSxS\amd64_microsoft.windows.common-controls_6595b64144ccf1df_6.0.7601.23403_none_e36ad4593102f066\COMCTL32.dll
0x000007fefe290000 - 0x000007fefe301000 	C:\Windows\system32\SHLWAPI.dll
0x000007fefe1c0000 - 0x000007fefe1ee000 	C:\Windows\system32\IMM32.DLL
0x000007fefdfd0000 - 0x000007fefe0d9000 	C:\Windows\system32\MSCTF.dll
0x000000006e5f0000 - 0x000000006e6c1000 	E:\Java1.7.0_25\jdk1.7.0_25\jre\bin\msvcr100.dll
0x000000006be00000 - 0x000000006c50f000 	E:\Java1.7.0_25\jdk1.7.0_25\jre\bin\server\jvm.dll
0x000007fef9cf0000 - 0x000007fef9cf9000 	C:\Windows\system32\WSOCK32.dll
0x000007fefe990000 - 0x000007fefe9dd000 	C:\Windows\system32\WS2_32.dll
0x000007feffa40000 - 0x000007feffa48000 	C:\Windows\system32\NSI.dll
0x000007fef7b40000 - 0x000007fef7b7b000 	C:\Windows\system32\WINMM.dll
0x0000000077b40000 - 0x0000000077b47000 	C:\Windows\system32\PSAPI.DLL
0x000000006ea90000 - 0x000000006ea9f000 	E:\Java1.7.0_25\jdk1.7.0_25\jre\bin\verify.dll
0x000000006e5c0000 - 0x000000006e5e8000 	E:\Java1.7.0_25\jdk1.7.0_25\jre\bin\java.dll
0x00000000698e0000 - 0x0000000069915000 	E:\Java1.7.0_25\jdk1.7.0_25\jre\bin\jdwp.dll
0x00000000698d0000 - 0x00000000698d8000 	E:\Java1.7.0_25\jdk1.7.0_25\jre\bin\npt.dll
0x000000006e5a0000 - 0x000000006e5b5000 	E:\Java1.7.0_25\jdk1.7.0_25\jre\bin\zip.dll
0x00000000698c0000 - 0x00000000698c9000 	E:\Java1.7.0_25\jdk1.7.0_25\jre\bin\dt_socket.dll
0x000007fefbeb0000 - 0x000007fefbec5000 	C:\Windows\system32\NLAapi.dll
0x000007fef9ac0000 - 0x000007fef9ad5000 	C:\Windows\system32\napinsp.dll
0x000007fefcdb0000 - 0x000007fefce05000 	C:\Windows\System32\mswsock.dll
0x000007fefcca0000 - 0x000007fefccfb000 	C:\Windows\system32\DNSAPI.dll
0x000007fef9a40000 - 0x000007fef9a4b000 	C:\Windows\System32\winrnr.dll
0x000007fefb7e0000 - 0x000007fefb807000 	C:\Windows\system32\IPHLPAPI.DLL
0x000007fefb7d0000 - 0x000007fefb7db000 	C:\Windows\system32\WINNSI.DLL
0x000007fefb690000 - 0x000007fefb6e3000 	C:\Windows\System32\fwpuclnt.dll
0x000007fef9740000 - 0x000007fef9748000 	C:\Windows\system32\rasadhlp.dll
0x000007fefc800000 - 0x000007fefc807000 	C:\Windows\System32\wshtcpip.dll
0x000000006e580000 - 0x000000006e599000 	E:\Java1.7.0_25\jdk1.7.0_25\jre\bin\net.dll
0x000007fefcf40000 - 0x000007fefcf47000 	C:\Windows\System32\wship6.dll
0x000000006e560000 - 0x000000006e571000 	E:\Java1.7.0_25\jdk1.7.0_25\jre\bin\nio.dll
0x000007fefa560000 - 0x000007fefa685000 	C:\Windows\system32\DBGHELP.DLL

VM Arguments:
jvm_args: -agentlib:jdwp=transport=dt_socket,suspend=y,address=localhost:65503 -Dmaven.home=EMBEDDED -Dclassworlds.conf=E:\workspace\.metadata\.plugins\org.eclipse.m2e.launching\launches\m2conf2776935227692008278.tmp -Dfile.encoding=UTF-8 
java_command: org.codehaus.plexus.classworlds.launcher.Launcher -B -Dmaven.test.skip=true -DskipTests clean install
Launcher Type: SUN_STANDARD

Environment Variables:
JAVA_HOME=E:\Java1.7.0_25\jdk1.7.0_25
PATH=E:\Java1.7.0_25\jdk1.7.0_25\jre\bin;E:/Java1.7.0_25/jdk1.7.0_25/bin/../jre/bin/server;E:/Java1.7.0_25/jdk1.7.0_25/bin/../jre/bin;E:/Java1.7.0_25/jdk1.7.0_25/bin/../jre/lib/amd64;C:\Windows\system32;C:\Windows;C:\Windows\System32\Wbem;C:\Windows\System32\WindowsPowerShell\v1.0\;C:\Windows\System32\WindowsPowerShell\v1.0\;E:\Java1.7.0_25\jdk1.7.0_25\bin;;E:\eclipse-4.4\eclipse;
USERNAME=Administrator
OS=Windows_NT
PROCESSOR_IDENTIFIER=Intel64 Family 6 Model 79 Stepping 1, GenuineIntel



---------------  S Y S T E M  ---------------

OS: Windows NT 6.1 , 64 bit Build 7601 Service Pack 1

CPU:total 2 (2 cores per cpu, 1 threads per core) family 6 model 79 stepping 1, cmov, cx8, fxsr, mmx, sse, sse2, sse3, ssse3, sse4.1, sse4.2, popcnt, avx, avx2, tsc

Memory: 4k page, physical 4193784k(392448k free), swap 4191924k(5096k free)

vm_info: Java HotSpot(TM) 64-Bit Server VM (23.25-b01) for windows-amd64 JRE (1.7.0_25-b17), built on Jun 21 2013 12:58:32 by "java_re" with unknown MS VC++:1600

time: Thu Oct 12 09:39:42 2017
elapsed time: 8 seconds

